#
# There is insufficient memory for the Java Runtime Environment to continue.
# Native memory allocation (mmap) failed to map 132120576 bytes for Failed to commit area from 0x0000000082200000 to 0x000000008a000000 of length 132120576.
# Possible reasons:
#   The system is out of physical RAM or swap space
#   The process is running with CompressedOops enabled, and the Java Heap may be blocking the growth of the native heap
# Possible solutions:
#   Reduce memory load on the system
#   Increase physical memory or swap space
#   Check if swap backing store is full
#   Decrease Java heap size (-Xmx/-Xms)
#   Decrease number of Java threads
#   Decrease Java thread stack sizes (-Xss)
#   Set larger code cache with -XX:ReservedCodeCacheSize=
# This output file may be truncated or incomplete.
#
#  Out of Memory Error (c:/BuildAgent/work/5ff2f6c26000d570/src/hotspot/os/windows/os_windows.cpp:3281), pid=4752, tid=7440
#
# JRE version:  (11.0.4+10) (build )
# Java VM: OpenJDK 64-Bit Server VM (11.0.4+10-b304.77, mixed mode, aot, sharing, tiered, compressed oops, g1 gc, windows-amd64)
# No core dump will be written. Minidumps are not enabled by default on client versions of Windows
#

---------------  S U M M A R Y ------------

Command Line: org.jetbrains.git4idea.http.GitAskPassApp Username for 'https://github.com': 

Host: Intel(R) Core(TM) i3-8100 CPU @ 3.60GHz, 4 cores, 7G,  Windows 10 , 64 bit Build 18362 (10.0.18362.1082)
Time: Thu Sep 17 18:00:06 2020 ?D1¨²¡À¨º¡Á?¨º¡À?? elapsed time: 0 seconds (0d 0h 0m 0s)

---------------  T H R E A D  ---------------

Current thread (0x0000029185c78000):  JavaThread "Unknown thread" [_thread_in_vm, id=7440, stack(0x000000b638200000,0x000000b638300000)]

Stack: [0x000000b638200000,0x000000b638300000]
Native frames: (J=compiled Java code, j=interpreted, Vv=VM code, C=native code)
V  [jvm.dll+0x5db31a]
V  [jvm.dll+0x70c395]
V  [jvm.dll+0x70d8b8]
V  [jvm.dll+0x70df83]
V  [jvm.dll+0x23dbb8]
V  [jvm.dll+0x5d8a74]
V  [jvm.dll+0x5cdb05]
V  [jvm.dll+0x2fa5bb]
V  [jvm.dll+0x2fa52a]
V  [jvm.dll+0x2fa402]
V  [jvm.dll+0x2ff2c6]
V  [jvm.dll+0x347893]
V  [jvm.dll+0x347f96]
V  [jvm.dll+0x347993]
V  [jvm.dll+0x2d4e28]
V  [jvm.dll+0x2d5fd7]
V  [jvm.dll+0x6eb717]
V  [jvm.dll+0x6ecf0c]
V  [jvm.dll+0x354fb9]
V  [jvm.dll+0x6d35be]
V  [jvm.dll+0x3bd673]
V  [jvm.dll+0x3bf9f1]
C  [java.exe+0x3763]
C  [java.exe+0x17a0c]
C  [KERNEL32.DLL+0x17bd4]
C  [ntdll.dll+0x6ce51]


---------------  P R O C E S S  ---------------

Threads class SMR info:
_java_thread_list=0x00000291843d7f10, length=0, elements={
}

Java Threads: ( => current thread )

Other Threads:
  0x0000029185c8f000 GCTaskThread "GC Thread#0" [stack: 0x000000b638300000,0x000000b638400000] [id=15512]
  0x0000029185cbd800 ConcurrentGCThread "G1 Main Marker" [stack: 0x000000b638400000,0x000000b638500000] [id=17348]
  0x0000029185cbe800 ConcurrentGCThread "G1 Conc#0" [stack: 0x000000b638500000,0x000000b638600000] [id=14824]

[error occurred during error reporting (printing all threads), id 0xc0000005, EXCEPTION_ACCESS_VIOLATION (0xc0000005) at pc=0x00007ffce4ce5727]

VM state:not at safepoint (not fully initialized)

VM Mutex/Monitor currently owned by a thread:  ([mutex/lock_event])
[0x0000029185c75460] Heap_lock - owner thread: 0x0000029185c78000

Heap address: 0x0000000082200000, size: 2014 MB, Compressed Oops mode: Non-zero based: 0x0000000082200000
Narrow klass base: 0x0000000000000000, Narrow klass shift: 0

GC Heap History (0 events):
No events

Deoptimization events (0 events):
No events

Classes redefined (0 events):
No events

Internal exceptions (0 events):
No events

Events (0 events):
No events


Dynamic libraries:
0x00007ff7d0390000 - 0x00007ff7d03d7000 	D:\IDEA_ultimate\IntelliJ IDEA 2019.2.4\jbr\bin\java.exe
0x00007ffd1d8a0000 - 0x00007ffd1da90000 	C:\WINDOWS\SYSTEM32\ntdll.dll
0x00007ffd1ca80000 - 0x00007ffd1cb32000 	C:\WINDOWS\System32\KERNEL32.DLL
0x00007ffd1b2e0000 - 0x00007ffd1b585000 	C:\WINDOWS\System32\KERNELBASE.dll
0x00007ffd1d6c0000 - 0x00007ffd1d855000 	C:\WINDOWS\System32\USER32.dll
0x00007ffd1b2b0000 - 0x00007ffd1b2d1000 	C:\WINDOWS\System32\win32u.dll
0x00007ffd1b950000 - 0x00007ffd1b976000 	C:\WINDOWS\System32\GDI32.dll
0x00007ffd1b750000 - 0x00007ffd1b8e6000 	C:\WINDOWS\System32\gdi32full.dll
0x00007ffd1b6b0000 - 0x00007ffd1b74e000 	C:\WINDOWS\System32\msvcp_win.dll
0x00007ffd1b1b0000 - 0x00007ffd1b2aa000 	C:\WINDOWS\System32\ucrtbase.dll
0x00007ffd0bc30000 - 0x00007ffd0beb4000 	C:\WINDOWS\WinSxS\amd64_microsoft.windows.common-controls_6595b64144ccf1df_6.0.18362.1082_none_9e8193e1e45b25c1\COMCTL32.dll
0x00007ffd1d620000 - 0x00007ffd1d6be000 	C:\WINDOWS\System32\msvcrt.dll
0x00007ffd1bdf0000 - 0x00007ffd1c125000 	C:\WINDOWS\System32\combase.dll
0x00007ffd1baf0000 - 0x00007ffd1bc10000 	C:\WINDOWS\System32\RPCRT4.dll
0x00007ffd1b630000 - 0x00007ffd1b6b0000 	C:\WINDOWS\System32\bcryptPrimitives.dll
0x00007ffd1bdc0000 - 0x00007ffd1bdee000 	C:\WINDOWS\System32\IMM32.DLL
0x00007ffd0fa50000 - 0x00007ffd0fa67000 	D:\IDEA_ultimate\IntelliJ IDEA 2019.2.4\jbr\bin\vcruntime140.dll
0x00007ffd06f70000 - 0x00007ffd0700d000 	D:\IDEA_ultimate\IntelliJ IDEA 2019.2.4\jbr\bin\msvcp140.dll
0x00007ffce4a00000 - 0x00007ffce54b8000 	D:\IDEA_ultimate\IntelliJ IDEA 2019.2.4\jbr\bin\server\jvm.dll
0x00007ffd1ba40000 - 0x00007ffd1bae3000 	C:\WINDOWS\System32\ADVAPI32.dll
0x00007ffd1c830000 - 0x00007ffd1c8c7000 	C:\WINDOWS\System32\sechost.dll
0x00007ffd1c130000 - 0x00007ffd1c138000 	C:\WINDOWS\System32\PSAPI.DLL
0x00007ffd18780000 - 0x00007ffd187a4000 	C:\WINDOWS\SYSTEM32\WINMM.dll
0x00007ffd0b080000 - 0x00007ffd0b089000 	C:\WINDOWS\SYSTEM32\WSOCK32.dll
0x00007ffd1c5b0000 - 0x00007ffd1c61f000 	C:\WINDOWS\System32\WS2_32.dll
0x00007ffd14e70000 - 0x00007ffd14e7a000 	C:\WINDOWS\SYSTEM32\VERSION.dll
0x00007ffd18750000 - 0x00007ffd1877d000 	C:\WINDOWS\SYSTEM32\WINMMBASE.dll
0x00007ffd1b5e0000 - 0x00007ffd1b62a000 	C:\WINDOWS\System32\cfgmgr32.dll
0x00007ffd1a7e0000 - 0x00007ffd1a7f1000 	C:\WINDOWS\System32\kernel.appcore.dll
0x00007ffd0b060000 - 0x00007ffd0b071000 	D:\IDEA_ultimate\IntelliJ IDEA 2019.2.4\jbr\bin\verify.dll
0x00007ffd06a40000 - 0x00007ffd06c34000 	C:\WINDOWS\SYSTEM32\DBGHELP.DLL
0x00007ffd053f0000 - 0x00007ffd0541a000 	C:\WINDOWS\SYSTEM32\dbgcore.DLL
0x00007ffcfed20000 - 0x00007ffcfed49000 	D:\IDEA_ultimate\IntelliJ IDEA 2019.2.4\jbr\bin\java.dll
0x00007ffcff9b0000 - 0x00007ffcff9c7000 	D:\IDEA_ultimate\IntelliJ IDEA 2019.2.4\jbr\bin\zip.dll
0x00007ffd0a5b0000 - 0x00007ffd0a5bb000 	D:\IDEA_ultimate\IntelliJ IDEA 2019.2.4\jbr\bin\jimage.dll

dbghelp: loaded successfully - version: 4.0.5 - missing functions: none
symbol engine: initialized successfully - sym options: 0x614 - pdb path: .;D:\IDEA_ultimate\IntelliJ IDEA 2019.2.4\jbr\bin;C:\WINDOWS\SYSTEM32;C:\WINDOWS\WinSxS\amd64_microsoft.windows.common-controls_6595b64144ccf1df_6.0.18362.1082_none_9e8193e1e45b25c1;D:\IDEA_ultimate\IntelliJ IDEA 2019.2.4\jbr\bin\server

VM Arguments:
java_command: org.jetbrains.git4idea.http.GitAskPassApp Username for 'https://github.com': 
java_class_path (initial): D:/IDEA_ultimate/IntelliJ IDEA 2019.2.4/plugins/git4idea/lib/git4idea-rt.jar;D:/IDEA_ultimate/IntelliJ IDEA 2019.2.4/lib/xmlrpc-2.0.1.jar;D:/IDEA_ultimate/IntelliJ IDEA 2019.2.4/lib/commons-codec-1.13.jar;D:/IDEA_ultimate/IntelliJ IDEA 2019.2.4/lib/util.jar
Launcher Type: SUN_STANDARD

[Global flags]
     intx CICompilerCount                          = 3                                         {product} {ergonomic}
     uint ConcGCThreads                            = 1                                         {product} {ergonomic}
     uint G1ConcRefinementThreads                  = 4                                         {product} {ergonomic}
   size_t G1HeapRegionSize                         = 1048576                                   {product} {ergonomic}
    uintx GCDrainStackTargetSize                   = 64                                        {product} {ergonomic}
   size_t InitialHeapSize                          = 132120576                                 {product} {ergonomic}
   size_t MarkStackSize                            = 4194304                                   {product} {ergonomic}
   size_t MaxHeapSize                              = 2111832064                                {product} {ergonomic}
   size_t MinHeapDeltaBytes                        = 1048576                                   {product} {ergonomic}
    uintx NonNMethodCodeHeapSize                   = 5830092                                {pd product} {ergonomic}
    uintx NonProfiledCodeHeapSize                  = 122914074                              {pd product} {ergonomic}
    uintx ProfiledCodeHeapSize                     = 122914074                              {pd product} {ergonomic}
    uintx ReservedCodeCacheSize                    = 251658240                              {pd product} {ergonomic}
     bool SegmentedCodeCache                       = true                                      {product} {ergonomic}
     bool UseCompressedClassPointers               = true                                 {lp64_product} {ergonomic}
     bool UseCompressedOops                        = true                                 {lp64_product} {ergonomic}
     bool UseG1GC                                  = true                                      {product} {ergonomic}
     bool UseLargePagesIndividualAllocation        = false                                  {pd product} {ergonomic}

Logging:
Log output configuration:
 #0: stdout all=warning uptime,level,tags
 #1: stderr all=off uptime,level,tags

Environment Variables:
JAVA_HOME=C:\Program Files\Java\jdk1.8.0_121
CLASSPATH=C:\Program Files\Java\jdk1.8.0_121\lib\dt.jar;C:\Program Files\Java\jdk1.8.0_121\lib\tools.jar
PATH=C:\Program Files\Git\mingw64\libexec\git-core;C:\Program Files\Git\mingw64\libexec\git-core;C:\Program Files\Git\mingw64\bin;C:\Program Files\Git\usr\bin;C:\Users\Administrator\bin;C:\Users\Administrator\AppData\Local\Yarn\bin;C:\Program Files\Java\jdk1.8.0_121\bin;C:\Program Files\Java\jdk1.8.0_121\jre\bin;C:\Program Files (x86)\apache-tomcat-8.5.46\bin;C:\Program Files (x86)\apache-tomcat-8.5.46\lib;C:\Program Files (x86)\apache-maven-3.6.2\bin;C:\Program Files (x86)\apache-maven-3.6.2\bin;C:\WINDOWS\system32;C:\WINDOWS;C:\WINDOWS\System32\Wbem;C:\WINDOWS\System32\WindowsPowerShell\v1.0;C:\WINDOWS\System32\OpenSSH;C:\Program Files (x86)\apache-maven-3.6.2\bin;C:\Program Files\dotnet;C:\Program Files\TortoiseGit\bin;C:\Program Files (x86)\apache-tomcat-8.5.46\lib;C:\Program Files (x86)\apache-tomcat-8.5.46\bin;D:\mysql\bin;C:\Program Files\nodejs;C:\Users\Administrator\AppData\Roaming\npm;C:\Users\Administrator\AppData\Local\Microsoft\WindowsApps;D:\Microsoft VS Code\bin;C:\Users\Administrator\.dotnet\tools
USERNAME=Administrator
DISPLAY=:0.0
OS=Windows_NT
PROCESSOR_IDENTIFIER=Intel64 Family 6 Model 158 Stepping 11, GenuineIntel



---------------  S Y S T E M  ---------------

OS: Windows 10 , 64 bit Build 18362 (10.0.18362.1082)

CPU:total 4 (initial active 4) (4 cores per cpu, 1 threads per core) family 6 model 158 stepping 11, cmov, cx8, fxsr, mmx, sse, sse2, sse3, ssse3, sse4.1, sse4.2, popcnt, avx, avx2, aes, clmul, erms, 3dnowpref, lzcnt, tsc, tscinvbit, bmi1, bmi2, adx, fma

Memory: 4k page, system-wide physical 8053M (492M free)
TotalPageFile size 26429M (AvailPageFile size 123M)
current process WorkingSet (physical memory assigned to process): 9M, peak: 9M
current process commit charge ("private bytes"): 51M, peak: 177M

vm_info: OpenJDK 64-Bit Server VM (11.0.4+10-b304.77) for windows-amd64 JRE (11.0.4+10-b304.77), built on Oct 10 2019 15:02:36 by "" with MS VC++ 14.0 (VS2015)

END.
